{"/Users/senayasfaha/450_software_engineering/CLI-Model-Re-Use-Project/src/find-correctness.ts": {"path":"/Users/senayasfaha/450_software_engineering/CLI-Model-Re-Use-Project/src/find-correctness.ts","statementMap":{"0":{"start":{"line":3,"column":0},"end":{"line":3,"column":7}},"1":{"start":{"line":1,"column":0},"end":{"line":1,"column":89}},"2":{"start":{"line":4,"column":19},"end":{"line":4,"column":48}},"3":{"start":{"line":5,"column":23},"end":{"line":10,"column":15}},"4":{"start":{"line":6,"column":26},"end":{"line":6,"column":52}},"5":{"start":{"line":7,"column":29},"end":{"line":7,"column":39}},"6":{"start":{"line":8,"column":8},"end":{"line":8,"column":59}},"7":{"start":{"line":9,"column":8},"end":{"line":9,"column":40}},"8":{"start":{"line":12,"column":28},"end":{"line":12,"column":63}},"9":{"start":{"line":13,"column":31},"end":{"line":13,"column":63}},"10":{"start":{"line":14,"column":26},"end":{"line":19,"column":15}},"11":{"start":{"line":15,"column":27},"end":{"line":15,"column":62}},"12":{"start":{"line":16,"column":28},"end":{"line":16,"column":38}},"13":{"start":{"line":17,"column":8},"end":{"line":17,"column":57}},"14":{"start":{"line":18,"column":8},"end":{"line":18,"column":40}},"15":{"start":{"line":22,"column":20},"end":{"line":22,"column":22}},"16":{"start":{"line":23,"column":8},"end":{"line":31,"column":9}},"17":{"start":{"line":24,"column":12},"end":{"line":24,"column":24}},"18":{"start":{"line":25,"column":14},"end":{"line":31,"column":9}},"19":{"start":{"line":26,"column":12},"end":{"line":26,"column":21}},"20":{"start":{"line":27,"column":14},"end":{"line":31,"column":9}},"21":{"start":{"line":28,"column":12},"end":{"line":28,"column":null}},"22":{"start":{"line":30,"column":12},"end":{"line":30,"column":25}},"23":{"start":{"line":32,"column":8},"end":{"line":32,"column":21}},"24":{"start":{"line":36,"column":20},"end":{"line":36,"column":22}},"25":{"start":{"line":37,"column":8},"end":{"line":45,"column":9}},"26":{"start":{"line":38,"column":12},"end":{"line":38,"column":24}},"27":{"start":{"line":39,"column":14},"end":{"line":45,"column":9}},"28":{"start":{"line":40,"column":12},"end":{"line":40,"column":21}},"29":{"start":{"line":41,"column":14},"end":{"line":45,"column":9}},"30":{"start":{"line":42,"column":12},"end":{"line":42,"column":21}},"31":{"start":{"line":44,"column":12},"end":{"line":44,"column":25}},"32":{"start":{"line":46,"column":8},"end":{"line":46,"column":21}},"33":{"start":{"line":50,"column":20},"end":{"line":50,"column":22}},"34":{"start":{"line":51,"column":8},"end":{"line":59,"column":9}},"35":{"start":{"line":52,"column":12},"end":{"line":52,"column":24}},"36":{"start":{"line":53,"column":14},"end":{"line":59,"column":9}},"37":{"start":{"line":54,"column":12},"end":{"line":54,"column":21}},"38":{"start":{"line":55,"column":14},"end":{"line":59,"column":9}},"39":{"start":{"line":56,"column":12},"end":{"line":56,"column":21}},"40":{"start":{"line":58,"column":12},"end":{"line":58,"column":25}},"41":{"start":{"line":60,"column":8},"end":{"line":60,"column":21}},"42":{"start":{"line":64,"column":20},"end":{"line":64,"column":22}},"43":{"start":{"line":65,"column":8},"end":{"line":73,"column":9}},"44":{"start":{"line":66,"column":12},"end":{"line":66,"column":26}},"45":{"start":{"line":67,"column":14},"end":{"line":73,"column":9}},"46":{"start":{"line":68,"column":12},"end":{"line":68,"column":21}},"47":{"start":{"line":69,"column":14},"end":{"line":73,"column":9}},"48":{"start":{"line":70,"column":12},"end":{"line":70,"column":21}},"49":{"start":{"line":72,"column":12},"end":{"line":72,"column":25}},"50":{"start":{"line":74,"column":8},"end":{"line":74,"column":21}},"51":{"start":{"line":89,"column":23},"end":{"line":95,"column":9}},"52":{"start":{"line":97,"column":4},"end":{"line":97,"column":22}}},"fnMap":{"0":{"name":"calculateCorrectness","decl":{"start":{"line":3,"column":22},"end":{"line":3,"column":42}},"loc":{"start":{"line":3,"column":70},"end":{"line":98,"column":1}}},"1":{"name":"(anonymous_1)","decl":{"start":{"line":5,"column":37},"end":{"line":5,"column":38}},"loc":{"start":{"line":5,"column":52},"end":{"line":10,"column":7}}},"2":{"name":"(anonymous_2)","decl":{"start":{"line":14,"column":52},"end":{"line":14,"column":53}},"loc":{"start":{"line":14,"column":67},"end":{"line":19,"column":7}}},"3":{"name":"checkForAmountIssues","decl":{"start":{"line":21,"column":13},"end":{"line":21,"column":33}},"loc":{"start":{"line":21,"column":33},"end":{"line":33,"column":5}}},"4":{"name":"checkForOpenIssuesLonger6Months","decl":{"start":{"line":35,"column":13},"end":{"line":35,"column":44}},"loc":{"start":{"line":35,"column":44},"end":{"line":47,"column":5}}},"5":{"name":"checkForPrCount","decl":{"start":{"line":49,"column":13},"end":{"line":49,"column":28}},"loc":{"start":{"line":49,"column":28},"end":{"line":61,"column":5}}},"6":{"name":"checkForCommitHistory","decl":{"start":{"line":63,"column":13},"end":{"line":63,"column":34}},"loc":{"start":{"line":63,"column":34},"end":{"line":75,"column":5}}}},"branchMap":{"0":{"loc":{"start":{"line":23,"column":8},"end":{"line":31,"column":9}},"type":"if","locations":[{"start":{"line":23,"column":8},"end":{"line":31,"column":9}},{"start":{"line":25,"column":14},"end":{"line":31,"column":9}}]},"1":{"loc":{"start":{"line":25,"column":14},"end":{"line":31,"column":9}},"type":"if","locations":[{"start":{"line":25,"column":14},"end":{"line":31,"column":9}},{"start":{"line":27,"column":14},"end":{"line":31,"column":9}}]},"2":{"loc":{"start":{"line":27,"column":14},"end":{"line":31,"column":9}},"type":"if","locations":[{"start":{"line":27,"column":14},"end":{"line":31,"column":9}},{"start":{"line":29,"column":13},"end":{"line":31,"column":9}}]},"3":{"loc":{"start":{"line":37,"column":8},"end":{"line":45,"column":9}},"type":"if","locations":[{"start":{"line":37,"column":8},"end":{"line":45,"column":9}},{"start":{"line":39,"column":14},"end":{"line":45,"column":9}}]},"4":{"loc":{"start":{"line":39,"column":14},"end":{"line":45,"column":9}},"type":"if","locations":[{"start":{"line":39,"column":14},"end":{"line":45,"column":9}},{"start":{"line":41,"column":14},"end":{"line":45,"column":9}}]},"5":{"loc":{"start":{"line":41,"column":14},"end":{"line":45,"column":9}},"type":"if","locations":[{"start":{"line":41,"column":14},"end":{"line":45,"column":9}},{"start":{"line":43,"column":13},"end":{"line":45,"column":9}}]},"6":{"loc":{"start":{"line":51,"column":8},"end":{"line":59,"column":9}},"type":"if","locations":[{"start":{"line":51,"column":8},"end":{"line":59,"column":9}},{"start":{"line":53,"column":14},"end":{"line":59,"column":9}}]},"7":{"loc":{"start":{"line":53,"column":14},"end":{"line":59,"column":9}},"type":"if","locations":[{"start":{"line":53,"column":14},"end":{"line":59,"column":9}},{"start":{"line":55,"column":14},"end":{"line":59,"column":9}}]},"8":{"loc":{"start":{"line":55,"column":14},"end":{"line":59,"column":9}},"type":"if","locations":[{"start":{"line":55,"column":14},"end":{"line":59,"column":9}},{"start":{"line":57,"column":13},"end":{"line":59,"column":9}}]},"9":{"loc":{"start":{"line":65,"column":8},"end":{"line":73,"column":9}},"type":"if","locations":[{"start":{"line":65,"column":8},"end":{"line":73,"column":9}},{"start":{"line":67,"column":14},"end":{"line":73,"column":9}}]},"10":{"loc":{"start":{"line":67,"column":14},"end":{"line":73,"column":9}},"type":"if","locations":[{"start":{"line":67,"column":14},"end":{"line":73,"column":9}},{"start":{"line":69,"column":14},"end":{"line":73,"column":9}}]},"11":{"loc":{"start":{"line":69,"column":14},"end":{"line":73,"column":9}},"type":"if","locations":[{"start":{"line":69,"column":14},"end":{"line":73,"column":9}},{"start":{"line":71,"column":13},"end":{"line":73,"column":9}}]}},"s":{"0":1,"1":1,"2":3,"3":3,"4":34,"5":34,"6":34,"7":34,"8":3,"9":3,"10":3,"11":8,"12":8,"13":8,"14":8,"15":3,"16":3,"17":0,"18":3,"19":1,"20":2,"21":0,"22":2,"23":3,"24":3,"25":3,"26":1,"27":2,"28":0,"29":2,"30":1,"31":1,"32":3,"33":3,"34":3,"35":0,"36":3,"37":0,"38":3,"39":1,"40":2,"41":3,"42":3,"43":3,"44":0,"45":3,"46":0,"47":3,"48":0,"49":3,"50":3,"51":3,"52":3},"f":{"0":3,"1":34,"2":8,"3":3,"4":3,"5":3,"6":3},"b":{"0":[0,3],"1":[1,2],"2":[0,2],"3":[1,2],"4":[0,2],"5":[1,1],"6":[0,3],"7":[0,3],"8":[1,2],"9":[0,3],"10":[0,3],"11":[0,3]}}
,"/Users/senayasfaha/450_software_engineering/CLI-Model-Re-Use-Project/src/find-responsive-maintainer.ts": {"path":"/Users/senayasfaha/450_software_engineering/CLI-Model-Re-Use-Project/src/find-responsive-maintainer.ts","statementMap":{"0":{"start":{"line":6,"column":0},"end":{"line":6,"column":7}},"1":{"start":{"line":3,"column":0},"end":{"line":3,"column":89}},"2":{"start":{"line":7,"column":19},"end":{"line":7,"column":48}},"3":{"start":{"line":8,"column":25},"end":{"line":8,"column":81}},"4":{"start":{"line":8,"column":55},"end":{"line":8,"column":80}},"5":{"start":{"line":9,"column":24},"end":{"line":14,"column":6}},"6":{"start":{"line":10,"column":28},"end":{"line":10,"column":54}},"7":{"start":{"line":11,"column":28},"end":{"line":11,"column":53}},"8":{"start":{"line":12,"column":31},"end":{"line":12,"column":102}},"9":{"start":{"line":13,"column":8},"end":{"line":13,"column":30}},"10":{"start":{"line":16,"column":19},"end":{"line":16,"column":51}},"11":{"start":{"line":17,"column":24},"end":{"line":17,"column":34}},"12":{"start":{"line":18,"column":4},"end":{"line":18,"column":53}},"13":{"start":{"line":19,"column":29},"end":{"line":22,"column":6}},"14":{"start":{"line":20,"column":27},"end":{"line":20,"column":63}},"15":{"start":{"line":21,"column":8},"end":{"line":21,"column":41}},"16":{"start":{"line":23,"column":34},"end":{"line":23,"column":57}},"17":{"start":{"line":25,"column":25},"end":{"line":25,"column":60}},"18":{"start":{"line":26,"column":31},"end":{"line":26,"column":86}},"19":{"start":{"line":26,"column":64},"end":{"line":26,"column":85}},"20":{"start":{"line":27,"column":26},"end":{"line":32,"column":6}},"21":{"start":{"line":28,"column":27},"end":{"line":28,"column":54}},"22":{"start":{"line":29,"column":27},"end":{"line":29,"column":53}},"23":{"start":{"line":30,"column":31},"end":{"line":30,"column":98}},"24":{"start":{"line":31,"column":8},"end":{"line":31,"column":30}},"25":{"start":{"line":35,"column":8},"end":{"line":35,"column":41}},"26":{"start":{"line":35,"column":32},"end":{"line":35,"column":41}},"27":{"start":{"line":36,"column":8},"end":{"line":36,"column":71}},"28":{"start":{"line":36,"column":42},"end":{"line":36,"column":51}},"29":{"start":{"line":40,"column":37},"end":{"line":40,"column":68}},"30":{"start":{"line":41,"column":20},"end":{"line":41,"column":22}},"31":{"start":{"line":42,"column":8},"end":{"line":48,"column":9}},"32":{"start":{"line":43,"column":12},"end":{"line":43,"column":24}},"33":{"start":{"line":44,"column":14},"end":{"line":48,"column":9}},"34":{"start":{"line":45,"column":12},"end":{"line":45,"column":null}},"35":{"start":{"line":46,"column":14},"end":{"line":48,"column":9}},"36":{"start":{"line":47,"column":12},"end":{"line":47,"column":null}},"37":{"start":{"line":49,"column":8},"end":{"line":49,"column":21}},"38":{"start":{"line":53,"column":20},"end":{"line":53,"column":22}},"39":{"start":{"line":54,"column":8},"end":{"line":62,"column":9}},"40":{"start":{"line":55,"column":12},"end":{"line":55,"column":24}},"41":{"start":{"line":56,"column":15},"end":{"line":62,"column":9}},"42":{"start":{"line":57,"column":12},"end":{"line":57,"column":23}},"43":{"start":{"line":58,"column":15},"end":{"line":62,"column":9}},"44":{"start":{"line":59,"column":12},"end":{"line":59,"column":23}},"45":{"start":{"line":61,"column":12},"end":{"line":61,"column":23}},"46":{"start":{"line":63,"column":8},"end":{"line":63,"column":21}},"47":{"start":{"line":67,"column":41},"end":{"line":67,"column":70}},"48":{"start":{"line":68,"column":20},"end":{"line":68,"column":22}},"49":{"start":{"line":69,"column":8},"end":{"line":75,"column":9}},"50":{"start":{"line":70,"column":12},"end":{"line":70,"column":24}},"51":{"start":{"line":71,"column":14},"end":{"line":75,"column":9}},"52":{"start":{"line":72,"column":12},"end":{"line":72,"column":null}},"53":{"start":{"line":73,"column":14},"end":{"line":75,"column":9}},"54":{"start":{"line":74,"column":12},"end":{"line":74,"column":null}},"55":{"start":{"line":76,"column":8},"end":{"line":76,"column":21}},"56":{"start":{"line":80,"column":8},"end":{"line":82,"column":38}},"57":{"start":{"line":85,"column":4},"end":{"line":85,"column":22}}},"fnMap":{"0":{"name":"calculateResponsiveMaintener","decl":{"start":{"line":6,"column":22},"end":{"line":6,"column":50}},"loc":{"start":{"line":6,"column":77},"end":{"line":86,"column":1}}},"1":{"name":"(anonymous_1)","decl":{"start":{"line":8,"column":39},"end":{"line":8,"column":40}},"loc":{"start":{"line":8,"column":55},"end":{"line":8,"column":80}}},"2":{"name":"(anonymous_2)","decl":{"start":{"line":9,"column":41},"end":{"line":9,"column":42}},"loc":{"start":{"line":9,"column":55},"end":{"line":14,"column":5}}},"3":{"name":"(anonymous_3)","decl":{"start":{"line":19,"column":43},"end":{"line":19,"column":44}},"loc":{"start":{"line":19,"column":60},"end":{"line":22,"column":5}}},"4":{"name":"(anonymous_4)","decl":{"start":{"line":26,"column":51},"end":{"line":26,"column":52}},"loc":{"start":{"line":26,"column":64},"end":{"line":26,"column":85}}},"5":{"name":"(anonymous_5)","decl":{"start":{"line":27,"column":49},"end":{"line":27,"column":50}},"loc":{"start":{"line":27,"column":64},"end":{"line":32,"column":5}}},"6":{"name":"calculateAverage","decl":{"start":{"line":34,"column":13},"end":{"line":34,"column":29}},"loc":{"start":{"line":34,"column":45},"end":{"line":37,"column":5}}},"7":{"name":"(anonymous_7)","decl":{"start":{"line":36,"column":28},"end":{"line":36,"column":29}},"loc":{"start":{"line":36,"column":42},"end":{"line":36,"column":51}}},"8":{"name":"checkHowLongPrGetClose","decl":{"start":{"line":39,"column":13},"end":{"line":39,"column":35}},"loc":{"start":{"line":39,"column":35},"end":{"line":50,"column":5}}},"9":{"name":"howOftenIsThereCommited","decl":{"start":{"line":52,"column":13},"end":{"line":52,"column":36}},"loc":{"start":{"line":52,"column":36},"end":{"line":64,"column":5}}},"10":{"name":"timeTakesIssueGetSolved","decl":{"start":{"line":66,"column":13},"end":{"line":66,"column":36}},"loc":{"start":{"line":66,"column":36},"end":{"line":77,"column":5}}}},"branchMap":{"0":{"loc":{"start":{"line":35,"column":8},"end":{"line":35,"column":41}},"type":"if","locations":[{"start":{"line":35,"column":8},"end":{"line":35,"column":41}}]},"1":{"loc":{"start":{"line":42,"column":8},"end":{"line":48,"column":9}},"type":"if","locations":[{"start":{"line":42,"column":8},"end":{"line":48,"column":9}},{"start":{"line":44,"column":14},"end":{"line":48,"column":9}}]},"2":{"loc":{"start":{"line":44,"column":14},"end":{"line":48,"column":9}},"type":"if","locations":[{"start":{"line":44,"column":14},"end":{"line":48,"column":9}},{"start":{"line":46,"column":14},"end":{"line":48,"column":9}}]},"3":{"loc":{"start":{"line":46,"column":14},"end":{"line":48,"column":9}},"type":"if","locations":[{"start":{"line":46,"column":14},"end":{"line":48,"column":9}}]},"4":{"loc":{"start":{"line":54,"column":8},"end":{"line":62,"column":9}},"type":"if","locations":[{"start":{"line":54,"column":8},"end":{"line":62,"column":9}},{"start":{"line":56,"column":15},"end":{"line":62,"column":9}}]},"5":{"loc":{"start":{"line":56,"column":15},"end":{"line":62,"column":9}},"type":"if","locations":[{"start":{"line":56,"column":15},"end":{"line":62,"column":9}},{"start":{"line":58,"column":15},"end":{"line":62,"column":9}}]},"6":{"loc":{"start":{"line":58,"column":15},"end":{"line":62,"column":9}},"type":"if","locations":[{"start":{"line":58,"column":15},"end":{"line":62,"column":9}},{"start":{"line":60,"column":14},"end":{"line":62,"column":9}}]},"7":{"loc":{"start":{"line":69,"column":8},"end":{"line":75,"column":9}},"type":"if","locations":[{"start":{"line":69,"column":8},"end":{"line":75,"column":9}},{"start":{"line":71,"column":14},"end":{"line":75,"column":9}}]},"8":{"loc":{"start":{"line":71,"column":14},"end":{"line":75,"column":9}},"type":"if","locations":[{"start":{"line":71,"column":14},"end":{"line":75,"column":9}},{"start":{"line":73,"column":14},"end":{"line":75,"column":9}}]},"9":{"loc":{"start":{"line":73,"column":14},"end":{"line":75,"column":9}},"type":"if","locations":[{"start":{"line":73,"column":14},"end":{"line":75,"column":9}}]}},"s":{"0":1,"1":1,"2":3,"3":3,"4":12,"5":3,"6":10,"7":10,"8":10,"9":10,"10":3,"11":3,"12":3,"13":3,"14":14,"15":14,"16":3,"17":3,"18":3,"19":9,"20":3,"21":9,"22":9,"23":9,"24":9,"25":6,"26":1,"27":5,"28":19,"29":3,"30":3,"31":3,"32":1,"33":2,"34":1,"35":1,"36":0,"37":3,"38":3,"39":3,"40":1,"41":2,"42":0,"43":2,"44":0,"45":2,"46":3,"47":3,"48":3,"49":3,"50":1,"51":2,"52":0,"53":2,"54":0,"55":3,"56":3,"57":3},"f":{"0":3,"1":12,"2":10,"3":14,"4":9,"5":9,"6":6,"7":19,"8":3,"9":3,"10":3},"b":{"0":[1],"1":[1,2],"2":[1,1],"3":[0],"4":[1,2],"5":[0,2],"6":[0,2],"7":[1,2],"8":[0,2],"9":[0]}}
,"/Users/senayasfaha/450_software_engineering/CLI-Model-Re-Use-Project/src/Util/constant.ts": {"path":"/Users/senayasfaha/450_software_engineering/CLI-Model-Re-Use-Project/src/Util/constant.ts","statementMap":{"0":{"start":{"line":3,"column":13},"end":{"line":3,"column":60}},"1":{"start":{"line":4,"column":13},"end":{"line":4,"column":53}},"2":{"start":{"line":5,"column":13},"end":{"line":5,"column":58}}},"fnMap":{},"branchMap":{},"s":{"0":3,"1":3,"2":3},"f":{},"b":{}}
,"/Users/senayasfaha/450_software_engineering/CLI-Model-Re-Use-Project/src/Util/index.ts": {"path":"/Users/senayasfaha/450_software_engineering/CLI-Model-Re-Use-Project/src/Util/index.ts","statementMap":{"0":{"start":{"line":1,"column":0},"end":{"line":1,"column":40}},"1":{"start":{"line":2,"column":0},"end":{"line":2,"column":35}}},"fnMap":{},"branchMap":{},"s":{"0":3,"1":3},"f":{},"b":{}}
,"/Users/senayasfaha/450_software_engineering/CLI-Model-Re-Use-Project/src/Util/logger.ts": {"path":"/Users/senayasfaha/450_software_engineering/CLI-Model-Re-Use-Project/src/Util/logger.ts","statementMap":{"0":{"start":{"line":1,"column":31},"end":{"line":4,"column":3}},"1":{"start":{"line":2,"column":4},"end":{"line":2,"column":39}},"2":{"start":{"line":3,"column":4},"end":{"line":3,"column":20}},"3":{"start":{"line":1,"column":13},"end":{"line":1,"column":31}}},"fnMap":{"0":{"name":"(anonymous_0)","decl":{"start":{"line":1,"column":31},"end":{"line":1,"column":32}},"loc":{"start":{"line":1,"column":57},"end":{"line":4,"column":3}}}},"branchMap":{},"s":{"0":3,"1":0,"2":0,"3":3},"f":{"0":0},"b":{}}
,"/Users/senayasfaha/450_software_engineering/CLI-Model-Re-Use-Project/src/api-calls/github-adapter.ts": {"path":"/Users/senayasfaha/450_software_engineering/CLI-Model-Re-Use-Project/src/api-calls/github-adapter.ts","statementMap":{"0":{"start":{"line":4,"column":0},"end":{"line":4,"column":7}},"1":{"start":{"line":18,"column":2},"end":{"line":18,"column":9}},"2":{"start":{"line":32,"column":2},"end":{"line":32,"column":9}},"3":{"start":{"line":46,"column":2},"end":{"line":46,"column":9}},"4":{"start":{"line":65,"column":0},"end":{"line":65,"column":7}},"5":{"start":{"line":1,"column":0},"end":{"line":1,"column":26}},"6":{"start":{"line":2,"column":0},"end":{"line":2,"column":32}},"7":{"start":{"line":5,"column":4},"end":{"line":15,"column":5}},"8":{"start":{"line":6,"column":23},"end":{"line":10,"column":8}},"9":{"start":{"line":11,"column":6},"end":{"line":11,"column":27}},"10":{"start":{"line":13,"column":6},"end":{"line":13,"column":61}},"11":{"start":{"line":14,"column":6},"end":{"line":14,"column":18}},"12":{"start":{"line":19,"column":4},"end":{"line":29,"column":5}},"13":{"start":{"line":20,"column":23},"end":{"line":24,"column":8}},"14":{"start":{"line":25,"column":6},"end":{"line":25,"column":27}},"15":{"start":{"line":27,"column":6},"end":{"line":27,"column":55}},"16":{"start":{"line":28,"column":6},"end":{"line":28,"column":18}},"17":{"start":{"line":33,"column":4},"end":{"line":43,"column":5}},"18":{"start":{"line":34,"column":23},"end":{"line":38,"column":8}},"19":{"start":{"line":39,"column":6},"end":{"line":39,"column":27}},"20":{"start":{"line":41,"column":6},"end":{"line":41,"column":52}},"21":{"start":{"line":42,"column":6},"end":{"line":42,"column":18}},"22":{"start":{"line":47,"column":4},"end":{"line":57,"column":5}},"23":{"start":{"line":48,"column":23},"end":{"line":52,"column":8}},"24":{"start":{"line":53,"column":6},"end":{"line":53,"column":27}},"25":{"start":{"line":55,"column":6},"end":{"line":55,"column":55}},"26":{"start":{"line":56,"column":6},"end":{"line":56,"column":18}},"27":{"start":{"line":66,"column":4},"end":{"line":76,"column":5}},"28":{"start":{"line":67,"column":25},"end":{"line":71,"column":10}},"29":{"start":{"line":72,"column":8},"end":{"line":72,"column":29}},"30":{"start":{"line":74,"column":8},"end":{"line":74,"column":69}},"31":{"start":{"line":75,"column":8},"end":{"line":75,"column":20}}},"fnMap":{"0":{"name":"fetchContributors","decl":{"start":{"line":4,"column":22},"end":{"line":4,"column":39}},"loc":{"start":{"line":4,"column":67},"end":{"line":16,"column":3}}},"1":{"name":"repoIssues","decl":{"start":{"line":18,"column":24},"end":{"line":18,"column":34}},"loc":{"start":{"line":18,"column":62},"end":{"line":30,"column":3}}},"2":{"name":"repoPullRequests","decl":{"start":{"line":32,"column":24},"end":{"line":32,"column":40}},"loc":{"start":{"line":32,"column":68},"end":{"line":44,"column":3}}},"3":{"name":"commitHistory","decl":{"start":{"line":46,"column":24},"end":{"line":46,"column":37}},"loc":{"start":{"line":46,"column":65},"end":{"line":58,"column":3}}},"4":{"name":"fetchRepoDetails","decl":{"start":{"line":65,"column":22},"end":{"line":65,"column":38}},"loc":{"start":{"line":65,"column":66},"end":{"line":77,"column":1}}}},"branchMap":{},"s":{"0":3,"1":3,"2":3,"3":3,"4":3,"5":3,"6":3,"7":2,"8":2,"9":1,"10":1,"11":1,"12":2,"13":2,"14":1,"15":1,"16":1,"17":2,"18":2,"19":1,"20":1,"21":1,"22":2,"23":2,"24":1,"25":1,"26":1,"27":0,"28":0,"29":0,"30":0,"31":0},"f":{"0":2,"1":2,"2":2,"3":2,"4":0},"b":{}}
}
