TN:
SF:src/find-correctness.ts
FN:3,calculateCorrectness
FN:5,(anonymous_1)
FN:14,(anonymous_2)
FN:21,checkForAmountIssues
FN:35,checkForOpenIssuesLonger6Months
FN:49,checkForPrCount
FN:63,checkForCommitHistory
FNF:7
FNH:7
FNDA:3,calculateCorrectness
FNDA:34,(anonymous_1)
FNDA:8,(anonymous_2)
FNDA:3,checkForAmountIssues
FNDA:3,checkForOpenIssuesLonger6Months
FNDA:3,checkForPrCount
FNDA:3,checkForCommitHistory
DA:1,1
DA:3,1
DA:4,3
DA:5,3
DA:6,34
DA:7,34
DA:8,34
DA:9,34
DA:12,3
DA:13,3
DA:14,3
DA:15,8
DA:16,8
DA:17,8
DA:18,8
DA:22,3
DA:23,3
DA:24,0
DA:25,3
DA:26,1
DA:27,2
DA:28,0
DA:30,2
DA:32,3
DA:36,3
DA:37,3
DA:38,1
DA:39,2
DA:40,0
DA:41,2
DA:42,1
DA:44,1
DA:46,3
DA:50,3
DA:51,3
DA:52,0
DA:53,3
DA:54,0
DA:55,3
DA:56,1
DA:58,2
DA:60,3
DA:64,3
DA:65,3
DA:66,0
DA:67,3
DA:68,0
DA:69,3
DA:70,0
DA:72,3
DA:74,3
DA:89,3
DA:97,3
LF:53
LH:45
BRDA:23,0,0,0
BRDA:23,0,1,3
BRDA:25,1,0,1
BRDA:25,1,1,2
BRDA:27,2,0,0
BRDA:27,2,1,2
BRDA:37,3,0,1
BRDA:37,3,1,2
BRDA:39,4,0,0
BRDA:39,4,1,2
BRDA:41,5,0,1
BRDA:41,5,1,1
BRDA:51,6,0,0
BRDA:51,6,1,3
BRDA:53,7,0,0
BRDA:53,7,1,3
BRDA:55,8,0,1
BRDA:55,8,1,2
BRDA:65,9,0,0
BRDA:65,9,1,3
BRDA:67,10,0,0
BRDA:67,10,1,3
BRDA:69,11,0,0
BRDA:69,11,1,3
BRF:24
BRH:16
end_of_record
TN:
SF:src/find-responsive-maintainer.ts
FN:6,calculateResponsiveMaintener
FN:8,(anonymous_1)
FN:9,(anonymous_2)
FN:19,(anonymous_3)
FN:26,(anonymous_4)
FN:27,(anonymous_5)
FN:34,calculateAverage
FN:36,(anonymous_7)
FN:39,checkHowLongPrGetClose
FN:52,howOftenIsThereCommited
FN:66,timeTakesIssueGetSolved
FNF:11
FNH:11
FNDA:3,calculateResponsiveMaintener
FNDA:12,(anonymous_1)
FNDA:10,(anonymous_2)
FNDA:14,(anonymous_3)
FNDA:9,(anonymous_4)
FNDA:9,(anonymous_5)
FNDA:6,calculateAverage
FNDA:19,(anonymous_7)
FNDA:3,checkHowLongPrGetClose
FNDA:3,howOftenIsThereCommited
FNDA:3,timeTakesIssueGetSolved
DA:3,1
DA:6,1
DA:7,3
DA:8,12
DA:9,3
DA:10,10
DA:11,10
DA:12,10
DA:13,10
DA:16,3
DA:17,3
DA:18,3
DA:19,3
DA:20,14
DA:21,14
DA:23,3
DA:25,3
DA:26,9
DA:27,3
DA:28,9
DA:29,9
DA:30,9
DA:31,9
DA:35,6
DA:36,19
DA:40,3
DA:41,3
DA:42,3
DA:43,1
DA:44,2
DA:45,1
DA:46,1
DA:47,0
DA:49,3
DA:53,3
DA:54,3
DA:55,1
DA:56,2
DA:57,0
DA:58,2
DA:59,0
DA:61,2
DA:63,3
DA:67,3
DA:68,3
DA:69,3
DA:70,1
DA:71,2
DA:72,0
DA:73,2
DA:74,0
DA:76,3
DA:80,3
DA:85,3
LF:54
LH:49
BRDA:35,0,0,1
BRDA:42,1,0,1
BRDA:42,1,1,2
BRDA:44,2,0,1
BRDA:44,2,1,1
BRDA:46,3,0,0
BRDA:54,4,0,1
BRDA:54,4,1,2
BRDA:56,5,0,0
BRDA:56,5,1,2
BRDA:58,6,0,0
BRDA:58,6,1,2
BRDA:69,7,0,1
BRDA:69,7,1,2
BRDA:71,8,0,0
BRDA:71,8,1,2
BRDA:73,9,0,0
BRF:17
BRH:12
end_of_record
TN:
SF:src/Util/constant.ts
FNF:0
FNH:0
DA:3,3
DA:4,3
DA:5,3
LF:3
LH:3
BRF:0
BRH:0
end_of_record
TN:
SF:src/Util/index.ts
FNF:0
FNH:0
DA:1,3
DA:2,3
LF:2
LH:2
BRF:0
BRH:0
end_of_record
TN:
SF:src/Util/logger.ts
FN:1,(anonymous_0)
FNF:1
FNH:0
FNDA:0,(anonymous_0)
DA:1,3
DA:2,0
DA:3,0
LF:3
LH:1
BRF:0
BRH:0
end_of_record
TN:
SF:src/api-calls/github-adapter.ts
FN:4,fetchContributors
FN:18,repoIssues
FN:32,repoPullRequests
FN:46,commitHistory
FN:65,fetchRepoDetails
FNF:5
FNH:4
FNDA:2,fetchContributors
FNDA:2,repoIssues
FNDA:2,repoPullRequests
FNDA:2,commitHistory
FNDA:0,fetchRepoDetails
DA:1,3
DA:2,3
DA:4,3
DA:5,2
DA:6,2
DA:11,1
DA:13,1
DA:14,1
DA:18,3
DA:19,2
DA:20,2
DA:25,1
DA:27,1
DA:28,1
DA:32,3
DA:33,2
DA:34,2
DA:39,1
DA:41,1
DA:42,1
DA:46,3
DA:47,2
DA:48,2
DA:53,1
DA:55,1
DA:56,1
DA:65,3
DA:66,0
DA:67,0
DA:72,0
DA:74,0
DA:75,0
LF:32
LH:27
BRF:0
BRH:0
end_of_record
